<?xml version="1.0" encoding="UTF-8"?>
<!-- Generated by org.testng.reporters.JUnitXMLReporter -->
<testsuite ignored="2" hostname="LAPTOP-PR0SAL4D" failures="3" tests="3" name="Surefire test" time="11.256" errors="0" timestamp="2024-06-08T17:07:10 IST">
  <testcase classname="com.qa.igProject.tests.HomePageTest" name="homePageTitleTest" time="0.0">
    <failure type="java.lang.NullPointerException" message="Cannot invoke &amp;quot;com.qa.igProject.pages.HomePage.getHomePageTitle()&amp;quot; because &amp;quot;this.hp&amp;quot; is null">
      <![CDATA[java.lang.NullPointerException: Cannot invoke "com.qa.igProject.pages.HomePage.getHomePageTitle()" because "this.hp" is null
at com.qa.igProject.tests.HomePageTest.homePageTitleTest(HomePageTest.java:13)
at java.base/java.util.ArrayList.forEach(ArrayList.java:1511)
... Removed 32 stack frames]]>
    </failure>
  </testcase> <!-- homePageTitleTest -->
  <testcase classname="com.qa.igProject.tests.HomePageTest" name="isStartFRMainButtonDisplayedTest" time="0.001">
    <failure type="java.lang.NullPointerException" message="Cannot invoke &amp;quot;com.qa.igProject.pages.HomePage.isStartFRMainButtonDisplayed()&amp;quot; because &amp;quot;this.hp&amp;quot; is null">
      <![CDATA[java.lang.NullPointerException: Cannot invoke "com.qa.igProject.pages.HomePage.isStartFRMainButtonDisplayed()" because "this.hp" is null
at com.qa.igProject.tests.HomePageTest.isStartFRMainButtonDisplayedTest(HomePageTest.java:19)
at java.base/java.util.ArrayList.forEach(ArrayList.java:1511)
... Removed 32 stack frames]]>
    </failure>
  </testcase> <!-- isStartFRMainButtonDisplayedTest -->
  <testcase classname="com.qa.igProject.tests.HomePageTest" name="startFr3Test" time="0.001">
    <failure type="java.lang.NullPointerException" message="Cannot invoke &amp;quot;com.qa.igProject.pages.HomePage.clickStartFr3Button()&amp;quot; because &amp;quot;this.hp&amp;quot; is null">
      <![CDATA[java.lang.NullPointerException: Cannot invoke "com.qa.igProject.pages.HomePage.clickStartFr3Button()" because "this.hp" is null
at com.qa.igProject.tests.HomePageTest.startFr3Test(HomePageTest.java:24)
at java.base/java.util.ArrayList.forEach(ArrayList.java:1511)
... Removed 32 stack frames]]>
    </failure>
  </testcase> <!-- startFr3Test -->
  <testcase classname="com.qa.igProject.base.BaseTest" name="@AfterTest tearDown" time="0.0">
    <ignored/>
  </testcase> <!-- @AfterTest tearDown -->
  <testcase classname="com.qa.igProject.base.BaseTest" name="@BeforeTest setup" time="0.0">
    <ignored/>
  </testcase> <!-- @BeforeTest setup -->
</testsuite> <!-- Surefire test -->
